<?xml version="1.0" encoding="UTF-8"?>
<!-- Generated by org.testng.reporters.JUnitXMLReporter -->
<testsuite hostname="Lenovo-PC" name="Test" tests="4" failures="1" timestamp="2 Sep 2018 06:18:51 GMT" time="1.419" errors="0">
  <testcase name="test11" time="0.03" classname="gen.selenium.page_object_model.tests.DemoTest">
    <failure type="java.lang.AssertionError" message="expected [b] but found [a]">
      <![CDATA[java.lang.AssertionError: expected [b] but found [a]
	at gen.selenium.page_object_model.tests.DemoTest.test11(DemoTest.java:24)
... Removed 29 stack frames]]>
    </failure>
  </testcase> <!-- test11 -->
  <testcase name="test12" time="0.008" classname="gen.selenium.page_object_model.tests.DemoTest"/>
  <testcase name="search2" time="0.003" classname="gen.selenium.page_object_model.tests.DemoTest2"/>
  <testcase name="search22" time="0.004" classname="gen.selenium.page_object_model.tests.DemoTest2"/>
</testsuite> <!-- Test -->
